<?xml version="1.0" encoding="UTF-8"?>
<!-- Generated by org.testng.reporters.JUnitReportReporter -->
<testsuite skipped="0" hostname="LAPTOP-QVKC38NK" name="com.vtiger.testPom.Demo" tests="1" failures="0" timestamp="2019-11-11T11:16:03 IST" time="9.931" errors="0">
  <testcase name="display" time="9.931" classname="com.vtiger.testPom.Demo"/>
</testsuite> <!-- com.vtiger.testPom.Demo -->
