<?xml version="1.0" encoding="UTF-8"?>
<!-- Generated by org.testng.reporters.JUnitReportReporter -->
<testsuite skipped="0" hostname="LAPTOP-QVKC38NK" name="com.vtiger.testPom.CreationQuoteUsingCarrier" tests="1" failures="0" timestamp="2019-11-12T14:42:25 IST" time="43.687" errors="0">
  <testcase name="QuotePage" time="43.687" classname="com.vtiger.testPom.CreationQuoteUsingCarrier"/>
</testsuite> <!-- com.vtiger.testPom.CreationQuoteUsingCarrier -->
