<?xml version="1.0" encoding="UTF-8"?>
<!-- Generated by org.testng.reporters.JUnitReportReporter -->
<testsuite skipped="0" hostname="LAPTOP-QVKC38NK" name="com.vtiger.testPom.CreateQuoteUSingOpportunity" tests="1" failures="0" timestamp="2019-11-12T15:36:39 IST" time="47.723" errors="0">
  <testcase name="QuotePageUsingOpportunityName" time="47.723" classname="com.vtiger.testPom.CreateQuoteUSingOpportunity"/>
</testsuite> <!-- com.vtiger.testPom.CreateQuoteUSingOpportunity -->
