<?xml version="1.0" encoding="UTF-8"?>
<!-- Generated by org.testng.reporters.JUnitReportReporter -->
<testsuite skipped="0" hostname="LAPTOP-QVKC38NK" name="com.vtiger.testPom.CreateQuoteUsingContactName" tests="1" failures="0" timestamp="2019-11-12T15:58:25 IST" time="47.468" errors="0">
  <testcase name="QuotePageUsingContactName" time="47.468" classname="com.vtiger.testPom.CreateQuoteUsingContactName"/>
</testsuite> <!-- com.vtiger.testPom.CreateQuoteUsingContactName -->
