<?xml version="1.0" encoding="UTF-8"?>
<!-- Generated by org.testng.reporters.JUnitReportReporter -->
<testsuite skipped="0" hostname="LAPTOP-QVKC38NK" name="com.vtiger.testPom.CreationQuote" tests="1" failures="0" timestamp="2019-11-12T13:16:25 IST" time="41.204" errors="0">
  <testcase name="QuotePage" time="41.204" classname="com.vtiger.testPom.CreationQuote"/>
</testsuite> <!-- com.vtiger.testPom.CreationQuote -->
