<?xml version="1.0" encoding="UTF-8"?>
<!-- Generated by org.testng.reporters.JUnitReportReporter -->
<testsuite skipped="0" hostname="LAPTOP-QVKC38NK" name="com.vtiger.testPom.CopyShippingAddress" tests="1" failures="0" timestamp="2019-11-12T18:08:26 IST" time="56.872" errors="0">
  <testcase name="QuotePage" time="56.872" classname="com.vtiger.testPom.CopyShippingAddress"/>
</testsuite> <!-- com.vtiger.testPom.CopyShippingAddress -->
