<?xml version="1.0" encoding="UTF-8"?>
<!-- Generated by org.testng.reporters.JUnitReportReporter -->
<testsuite skipped="0" hostname="LAPTOP-QVKC38NK" name="com.vtiger.testPom.TestValidLogin" tests="1" failures="0" timestamp="2019-11-11T15:13:43 IST" time="16.863" errors="0">
  <testcase name="validLogin" time="16.863" classname="com.vtiger.testPom.TestValidLogin"/>
</testsuite> <!-- com.vtiger.testPom.TestValidLogin -->
