<?xml version="1.0" encoding="UTF-8"?>
<!-- Generated by org.testng.reporters.JUnitReportReporter -->
<testsuite skipped="0" hostname="LAPTOP-QVKC38NK" name="com.vtiger.testPom.EditQuote" tests="1" failures="0" timestamp="2019-11-13T01:08:55 IST" time="20.486" errors="0">
  <testcase name="QuotePage" time="20.486" classname="com.vtiger.testPom.EditQuote"/>
</testsuite> <!-- com.vtiger.testPom.EditQuote -->
