<?xml version="1.0" encoding="UTF-8"?>
<!-- Generated by org.testng.reporters.JUnitReportReporter -->
<testsuite skipped="0" hostname="LAPTOP-QVKC38NK" name="com.vtiger.testPom.CreateQuoteUsinAssignedTo" tests="1" failures="0" timestamp="2019-11-12T15:17:04 IST" time="42.283" errors="0">
  <testcase name="QuotePage" time="42.283" classname="com.vtiger.testPom.CreateQuoteUsinAssignedTo"/>
</testsuite> <!-- com.vtiger.testPom.CreateQuoteUsinAssignedTo -->
