<?xml version="1.0" encoding="UTF-8"?>
<!-- Generated by org.testng.reporters.JUnitReportReporter -->
<testsuite skipped="0" hostname="LAPTOP-QVKC38NK" name="com.vtiger.testPom.createQuoteWithServices" tests="1" failures="0" timestamp="2019-11-13T00:49:10 IST" time="49.779" errors="0">
  <testcase name="QuotePage" time="49.779" classname="com.vtiger.testPom.createQuoteWithServices"/>
</testsuite> <!-- com.vtiger.testPom.createQuoteWithServices -->
