<?xml version="1.0" encoding="UTF-8"?>
<!-- Generated by org.testng.reporters.JUnitReportReporter -->
<testsuite skipped="0" hostname="LAPTOP-QVKC38NK" name="files.ReadConfig" tests="1" failures="0" timestamp="2019-10-25T15:19:19 IST" time="0.016" errors="0">
  <testcase name="demo" time="0.016" classname="files.ReadConfig"/>
</testsuite> <!-- files.ReadConfig -->
