<?xml version="1.0" encoding="UTF-8"?>
<!-- Generated by org.testng.reporters.JUnitReportReporter -->
<testsuite skipped="0" hostname="LAPTOP-QVKC38NK" name="com.vtiger.testPom.CreateQuoteusingQuoteStage" tests="1" failures="0" timestamp="2019-11-12T15:01:41 IST" time="45.748" errors="0">
  <testcase name="QuotePage" time="45.748" classname="com.vtiger.testPom.CreateQuoteusingQuoteStage"/>
</testsuite> <!-- com.vtiger.testPom.CreateQuoteusingQuoteStage -->
