<?xml version="1.0" encoding="UTF-8"?>
<!-- Generated by org.testng.reporters.JUnitReportReporter -->
<testsuite skipped="0" hostname="LAPTOP-QVKC38NK" name="testPom.TestValidLogin" tests="1" failures="0" timestamp="2019-10-31T00:32:13 IST" time="14.122" errors="0">
  <testcase name="validLogin" time="14.122" classname="testPom.TestValidLogin"/>
</testsuite> <!-- testPom.TestValidLogin -->
