<?xml version="1.0" encoding="UTF-8"?>
<!-- Generated by org.testng.reporters.JUnitReportReporter -->
<testsuite skipped="0" hostname="LAPTOP-QVKC38NK" name="com.vtiger.testPom.TestValidHomePage" tests="1" failures="0" timestamp="2019-11-12T13:10:51 IST" time="41.809" errors="0">
  <testcase name="Page" time="41.809" classname="com.vtiger.testPom.TestValidHomePage"/>
</testsuite> <!-- com.vtiger.testPom.TestValidHomePage -->
